03-27 21:03 Run          INFO     Processing for parameters: breakdown_parms
03-27 21:03 Run          INFO     Processing for years: 1950 to 1950
03-27 21:03 Run          INFO     SOCAT available from 1970-01-01 00:00:00
03-27 21:03 Run          INFO     GLODAP_talk available from 1900-01-01 00:00:00
03-27 21:03 Run          INFO     GLODAP_tco2 available from 1900-01-01 00:00:00
03-27 21:03 Run          INFO     GLODAP_fco2 available from 1900-01-01 00:00:00
03-27 21:03 Run          INFO     occci available from 1970-01-01 00:00:00
03-27 21:03 Run          INFO     cfc available from 1981-01-01 00:00:00
03-27 21:03 Run          INFO     WOA_T_1981_2010 available from 1900-01-01 00:00:00
03-27 21:03 Run          INFO     WOA_T_2005_2017 available from 1900-01-01 00:00:00
03-27 21:03 Run          INFO     WOA_T_1975_1984 available from 1900-01-01 00:00:00
03-27 21:03 Run          INFO     WOA_T_1965_1974 available from 1900-01-01 00:00:00
03-27 21:03 Run          INFO     WOA_T_1955_1964 available from 1900-01-01 00:00:00
03-27 21:03 Run          INFO     WOA_S available from 1900-01-01 00:00:00
03-27 21:03 Run          INFO     WOA_MLD available from 1900-01-01 00:00:00
03-27 21:03 Run          INFO     UNITS:
03-27 21:03 Run          INFO     PgCarbonPerYr 3.7843200000000004e-07
03-27 21:03 Run          INFO     TgCarbonPerYr 0.000378432
03-27 21:03 Run          INFO     TmolPerYr 3.1536e-05
03-27 21:03 Run          INFO     TgPerYr 3.1536e-05
03-27 21:03 Run          INFO     PgPerYr 3.1536000000000005e-08
03-27 21:03 Run          INFO     PerYr 1
03-27 21:03 Run          INFO     1/giga 999999999.9999999
03-27 21:03 Run          INFO     PgCarbon 1.2000000000000001e-14
03-27 21:03 Run          INFO     Conc->PgCarbon 1.2e-11
03-27 21:03 Run          INFO     Surface: Cflx PgCarbonPerYr
03-27 21:03 Run          INFO     Surface: Cflx PgCarbonPerYr
03-27 21:03 Run          INFO     Surface: Cflx PgCarbonPerYr
03-27 21:03 Run          INFO     Surface: Cflx PgCarbonPerYr
03-27 21:03 Run          INFO     Surface: Cflx PgCarbonPerYr
03-27 21:03 Run          INFO     Surface: Cflx PgCarbonPerYr
03-27 21:03 Run          INFO     Surface: Cflx PgCarbonPerYr
03-27 21:03 Run          INFO     Surface: Cflx PgCarbonPerYr
03-27 21:03 Run          INFO     Surface: Cflx PgCarbonPerYr
03-27 21:03 Run          INFO     Surface: Cflx PgCarbonPerYr
03-27 21:03 Run          INFO     Avg: Fer 1/giga
03-27 21:03 Run          INFO     Avg: Fer 1/giga
03-27 21:03 Run          INFO     Avg: Fer 1/giga
03-27 21:03 Run          INFO     Avg: Fer 1/giga
03-27 21:03 Run          INFO     Avg: Fer 1/giga
03-27 21:03 Run          INFO     Avg: Fer 1/giga
03-27 21:03 Run          INFO     Avg: Fer 1/giga
03-27 21:03 Run          INFO     Avg: Fer 1/giga
03-27 21:03 Run          INFO     Avg: Fer 1/giga
03-27 21:03 Run          INFO     Avg: Fer 1/giga
03-27 21:03 Run          INFO     Volume: PPT PgCarbonPerYr
03-27 21:03 Run          INFO     Volume: PPT PgCarbonPerYr
03-27 21:03 Run          INFO     Volume: PPT PgCarbonPerYr
03-27 21:03 Run          INFO     Volume: PPT PgCarbonPerYr
03-27 21:03 Run          INFO     Volume: PPT PgCarbonPerYr
03-27 21:03 Run          INFO     Volume: PPT PgCarbonPerYr
03-27 21:03 Run          INFO     Volume: PPT PgCarbonPerYr
03-27 21:03 Run          INFO     Volume: PPT PgCarbonPerYr
03-27 21:03 Run          INFO     Volume: PPT PgCarbonPerYr
03-27 21:03 Run          INFO     Volume: PPT PgCarbonPerYr
03-27 21:03 Run          INFO     Avg: TChl 1/giga
03-27 21:03 Run          INFO     Avg: TChl 1/giga
03-27 21:03 Run          INFO     Avg: TChl 1/giga
03-27 21:03 Run          INFO     Avg: TChl 1/giga
03-27 21:03 Run          INFO     Avg: TChl 1/giga
03-27 21:03 Run          INFO     Avg: TChl 1/giga
03-27 21:03 Run          INFO     Avg: TChl 1/giga
03-27 21:03 Run          INFO     Avg: TChl 1/giga
03-27 21:03 Run          INFO     Avg: TChl 1/giga
03-27 21:03 Run          INFO     Avg: TChl 1/giga
03-27 21:03 Run          INFO     Level: EXP PgCarbonPerYr
03-27 21:03 Run          INFO     Level: EXP PgCarbonPerYr
03-27 21:03 Run          INFO     Level: EXP PgCarbonPerYr
03-27 21:03 Run          INFO     Level: EXP gCarbonPerYr
03-27 21:03 Run          INFO     Level: EXP PgCarbonPerYr
03-27 21:03 Run          INFO     Level: EXP PgCarbonPerYr
03-27 21:03 Run          INFO     Level: EXP PgCarbonPerYr
03-27 21:03 Run          INFO     Level: EXP PgCarbonPerYr
03-27 21:03 Run          INFO     Level: EXP PgCarbonPerYr
03-27 21:03 Run          INFO     Level: EXP PgCarbonPerYr
03-27 21:03 Run          INFO     Data read from: /gpfs/data/greenocean/software/resources/breakdown/clq_basin_masks_ORCA.nc
03-27 21:03 Run          INFO     Run data for year 1950: ORCA2_1m_19500101_19501231_grid_T.nc ORCA2_1m_19500101_19501231_ptrc_T.nc ORCA2_1m_19500101_19501231_diad_T.nc  
03-27 21:03 Run          INFO     Cflx found in ORCA2_1m_19500101_19501231_diad_T.nc
03-27 21:03 Run          INFO     Cflx found in ORCA2_1m_19500101_19501231_diad_T.nc
03-27 21:03 Run          INFO     Cflx found in ORCA2_1m_19500101_19501231_diad_T.nc
03-27 21:03 Run          INFO     Cflx found in ORCA2_1m_19500101_19501231_diad_T.nc
03-27 21:03 Run          INFO     Cflx found in ORCA2_1m_19500101_19501231_diad_T.nc
03-27 21:03 Run          INFO     Cflx found in ORCA2_1m_19500101_19501231_diad_T.nc
03-27 21:03 Run          INFO     Cflx found in ORCA2_1m_19500101_19501231_diad_T.nc
03-27 21:03 Run          INFO     Cflx found in ORCA2_1m_19500101_19501231_diad_T.nc
03-27 21:03 Run          INFO     Cflx found in ORCA2_1m_19500101_19501231_diad_T.nc
03-27 21:03 Run          INFO     Cflx found in ORCA2_1m_19500101_19501231_diad_T.nc
03-27 21:03 Run          INFO     EXP found in ORCA2_1m_19500101_19501231_diad_T.nc
03-27 21:03 Run          INFO     EXP found in ORCA2_1m_19500101_19501231_diad_T.nc
03-27 21:03 Run          INFO     EXP found in ORCA2_1m_19500101_19501231_diad_T.nc
03-27 21:03 Run          INFO     EXP found in ORCA2_1m_19500101_19501231_diad_T.nc
03-27 21:03 Run          INFO     Unit: gCarbonPerYr not found, using raw data
03-27 21:03 Run          INFO     EXP found in ORCA2_1m_19500101_19501231_diad_T.nc
03-27 21:03 Run          INFO     EXP found in ORCA2_1m_19500101_19501231_diad_T.nc
03-27 21:03 Run          INFO     EXP found in ORCA2_1m_19500101_19501231_diad_T.nc
03-27 21:03 Run          INFO     EXP found in ORCA2_1m_19500101_19501231_diad_T.nc
03-27 21:03 Run          INFO     EXP found in ORCA2_1m_19500101_19501231_diad_T.nc
03-27 21:03 Run          INFO     EXP found in ORCA2_1m_19500101_19501231_diad_T.nc
03-27 21:03 Run          INFO     PPT found in ORCA2_1m_19500101_19501231_diad_T.nc
03-27 21:03 Run          INFO     PPT found in ORCA2_1m_19500101_19501231_diad_T.nc
03-27 21:03 Run          INFO     PPT found in ORCA2_1m_19500101_19501231_diad_T.nc
03-27 21:03 Run          INFO     PPT found in ORCA2_1m_19500101_19501231_diad_T.nc
03-27 21:03 Run          INFO     PPT found in ORCA2_1m_19500101_19501231_diad_T.nc
03-27 21:03 Run          INFO     PPT found in ORCA2_1m_19500101_19501231_diad_T.nc
03-27 21:03 Run          INFO     PPT found in ORCA2_1m_19500101_19501231_diad_T.nc
03-27 21:03 Run          INFO     PPT found in ORCA2_1m_19500101_19501231_diad_T.nc
03-27 21:03 Run          INFO     PPT found in ORCA2_1m_19500101_19501231_diad_T.nc
03-27 21:03 Run          INFO     PPT found in ORCA2_1m_19500101_19501231_diad_T.nc
03-27 21:03 Run          INFO     Fer found in ORCA2_1m_19500101_19501231_ptrc_T.nc
03-27 21:03 Run          INFO     Fer found in ORCA2_1m_19500101_19501231_ptrc_T.nc
03-27 21:03 Run          INFO     Fer found in ORCA2_1m_19500101_19501231_ptrc_T.nc
03-27 21:03 Run          INFO     Fer found in ORCA2_1m_19500101_19501231_ptrc_T.nc
03-27 21:03 Run          INFO     Fer found in ORCA2_1m_19500101_19501231_ptrc_T.nc
03-27 21:03 Run          INFO     Fer found in ORCA2_1m_19500101_19501231_ptrc_T.nc
03-27 21:03 Run          INFO     Fer found in ORCA2_1m_19500101_19501231_ptrc_T.nc
03-27 21:03 Run          INFO     Fer found in ORCA2_1m_19500101_19501231_ptrc_T.nc
03-27 21:03 Run          INFO     Fer found in ORCA2_1m_19500101_19501231_ptrc_T.nc
03-27 21:03 Run          INFO     Fer found in ORCA2_1m_19500101_19501231_ptrc_T.nc
03-27 21:03 Run          INFO     TChl found in ORCA2_1m_19500101_19501231_diad_T.nc
03-27 21:03 Run          INFO     TChl found in ORCA2_1m_19500101_19501231_diad_T.nc
03-27 21:03 Run          INFO     TChl found in ORCA2_1m_19500101_19501231_diad_T.nc
03-27 21:03 Run          INFO     TChl found in ORCA2_1m_19500101_19501231_diad_T.nc
03-27 21:03 Run          INFO     TChl found in ORCA2_1m_19500101_19501231_diad_T.nc
03-27 21:03 Run          INFO     TChl found in ORCA2_1m_19500101_19501231_diad_T.nc
03-27 21:03 Run          INFO     TChl found in ORCA2_1m_19500101_19501231_diad_T.nc
03-27 21:03 Run          INFO     TChl found in ORCA2_1m_19500101_19501231_diad_T.nc
03-27 21:03 Run          INFO     TChl found in ORCA2_1m_19500101_19501231_diad_T.nc
03-27 21:03 Run          INFO     TChl found in ORCA2_1m_19500101_19501231_diad_T.nc
